<?xml version="1.0" encoding="UTF-8"?>
<testsuite xmlns:xsi="http://www.w3.org/2001/XMLSchema-instance" xsi:noNamespaceSchemaLocation="https://maven.apache.org/surefire/maven-surefire-plugin/xsd/surefire-test-report.xsd" name="TestSuite" time="15,384.739" tests="1" errors="0" skipped="0" failures="0">
  <properties>
[...]
</properties>
  <testcase name="JetPrev_Component_BreadcrumPresentation" classname="com.jetPrev.scripts_Components.JetPrev_Smoke_Component_A_Dataprovider" time="15,327.845"/>
</testsuite>