<?xml version="1.0" encoding="UTF-8"?>
<testng-results skipped="0" failed="1" total="1" passed="0">
  <reporter-output>
  </reporter-output>
  <suite name="Default suite" duration-ms="71659" started-at="2018-09-03T05:54:33Z" finished-at="2018-09-03T05:55:45Z">
    <groups>
      <group name="regression">
        <method signature="JetPrev_Smoke_Component_A_Dataprovider.JetPrev_Component_BreadcrumPresentation(int, int)[pri:0, instance:com.jetPrev.scripts_Components.JetPrev_Smoke_Component_A_Dataprovider@544fa968]" name="JetPrev_Component_BreadcrumPresentation" class="com.jetPrev.scripts_Components.JetPrev_Smoke_Component_A_Dataprovider"/>
      </group> <!-- regression -->
      <group name="smoke">
        <method signature="JetPrev_Smoke_Component_A_Dataprovider.JetPrev_Component_BreadcrumPresentation(int, int)[pri:0, instance:com.jetPrev.scripts_Components.JetPrev_Smoke_Component_A_Dataprovider@544fa968]" name="JetPrev_Component_BreadcrumPresentation" class="com.jetPrev.scripts_Components.JetPrev_Smoke_Component_A_Dataprovider"/>
      </group> <!-- smoke -->
    </groups>
    <test name="Default test3" duration-ms="71659" started-at="2018-09-03T05:54:33Z" finished-at="2018-09-03T05:55:45Z">
      <class name="com.jetPrev.scripts_Components.JetPrev_Smoke_Component_A_Dataprovider">
        <test-method status="PASS" signature="beforeSuite(org.testng.ITestContext)[pri:0, instance:com.jetPrev.scripts_Components.JetPrev_Smoke_Component_A_Dataprovider@544fa968]" name="beforeSuite" is-config="true" duration-ms="86" started-at="2018-09-03T11:24:33Z" finished-at="2018-09-03T11:24:33Z">
          <params>
            <param index="0">
              <value>
                <![CDATA[org.testng.TestRunner@59b65dce]]>
              </value>
            </param>
          </params>
          <reporter-output>
          </reporter-output>
        </test-method> <!-- beforeSuite -->
        <test-method status="PASS" signature="beforeTest(java.lang.String, org.testng.ITestContext)[pri:0, instance:com.jetPrev.scripts_Components.JetPrev_Smoke_Component_A_Dataprovider@544fa968]" name="beforeTest" is-config="true" duration-ms="33496" started-at="2018-09-03T11:24:33Z" finished-at="2018-09-03T11:25:07Z">
          <params>
            <param index="0">
              <value>
                <![CDATA[ie]]>
              </value>
            </param>
            <param index="1">
              <value>
                <![CDATA[org.testng.TestRunner@59b65dce]]>
              </value>
            </param>
          </params>
          <reporter-output>
          </reporter-output>
        </test-method> <!-- beforeTest -->
        <test-method status="PASS" signature="beforeMethod(java.lang.reflect.Method)[pri:0, instance:com.jetPrev.scripts_Components.JetPrev_Smoke_Component_A_Dataprovider@544fa968]" name="beforeMethod" is-config="true" duration-ms="23747" started-at="2018-09-03T11:25:07Z" finished-at="2018-09-03T11:25:31Z">
          <params>
            <param index="0">
              <value>
                <![CDATA[public void com.jetPrev.scripts_Components.JetPrev_Smoke_Component_A_Dataprovider.JetPrev_Component_BreadcrumPresentation(int,int) throws java.lang.Throwable]]>
              </value>
            </param>
          </params>
          <reporter-output>
          </reporter-output>
        </test-method> <!-- beforeMethod -->
        <test-method status="PASS" signature="beforeMethod()[pri:0, instance:com.jetPrev.scripts_Components.JetPrev_Smoke_Component_A_Dataprovider@544fa968]" name="beforeMethod" is-config="true" duration-ms="254" started-at="2018-09-03T11:25:31Z" finished-at="2018-09-03T11:25:31Z">
          <reporter-output>
          </reporter-output>
        </test-method> <!-- beforeMethod -->
        <test-method status="FAIL" signature="JetPrev_Component_BreadcrumPresentation(int, int)[pri:0, instance:com.jetPrev.scripts_Components.JetPrev_Smoke_Component_A_Dataprovider@544fa968]" name="JetPrev_Component_BreadcrumPresentation" duration-ms="12589" started-at="2018-09-03T11:25:31Z" description="JetPrev" finished-at="2018-09-03T11:25:44Z">
          <params>
            <param index="0">
              <value>
                <![CDATA[1]]>
              </value>
            </param>
            <param index="1">
              <value>
                <![CDATA[10]]>
              </value>
            </param>
          </params>
          <exception class="java.lang.AssertionError">
            <message>
              <![CDATA[Test Case Failed because - Failed to complete Jet Prev Web Login]]>
            </message>
            <full-stacktrace>
              <![CDATA[java.lang.AssertionError: Test Case Failed because - Failed to complete Jet Prev Web Login
	at org.testng.Assert.fail(Assert.java:94)
	at com.jetPrev.scripts_Components.JetPrev_Smoke_Component_A_Dataprovider.TestCaseStatus(JetPrev_Smoke_Component_A_Dataprovider.java:41)
	at com.jetPrev.scripts_Components.JetPrev_Smoke_Component_A_Dataprovider.JetPrev_Component_BreadcrumPresentation(JetPrev_Smoke_Component_A_Dataprovider.java:1175)
	at sun.reflect.NativeMethodAccessorImpl.invoke0(Native Method)
	at sun.reflect.NativeMethodAccessorImpl.invoke(Unknown Source)
	at sun.reflect.DelegatingMethodAccessorImpl.invoke(Unknown Source)
	at java.lang.reflect.Method.invoke(Unknown Source)
	at org.testng.internal.MethodInvocationHelper.invokeMethod(MethodInvocationHelper.java:86)
	at org.testng.internal.Invoker.invokeMethod(Invoker.java:643)
	at org.testng.internal.Invoker.invokeTestMethod(Invoker.java:820)
	at org.testng.internal.Invoker.invokeTestMethods(Invoker.java:1128)
	at org.testng.internal.TestMethodWorker.invokeTestMethods(TestMethodWorker.java:129)
	at org.testng.internal.TestMethodWorker.run(TestMethodWorker.java:112)
	at org.testng.TestRunner.privateRun(TestRunner.java:782)
	at org.testng.TestRunner.run(TestRunner.java:632)
	at org.testng.SuiteRunner.runTest(SuiteRunner.java:366)
	at org.testng.SuiteRunner.runSequentially(SuiteRunner.java:361)
	at org.testng.SuiteRunner.privateRun(SuiteRunner.java:319)
	at org.testng.SuiteRunner.run(SuiteRunner.java:268)
	at org.testng.SuiteRunnerWorker.runSuite(SuiteRunnerWorker.java:52)
	at org.testng.SuiteRunnerWorker.run(SuiteRunnerWorker.java:86)
	at org.testng.TestNG.runSuitesSequentially(TestNG.java:1244)
	at org.testng.TestNG.runSuitesLocally(TestNG.java:1169)
	at org.testng.TestNG.run(TestNG.java:1064)
	at org.testng.remote.AbstractRemoteTestNG.run(AbstractRemoteTestNG.java:114)
	at org.testng.remote.RemoteTestNG.initAndRun(RemoteTestNG.java:251)
	at org.testng.remote.RemoteTestNG.main(RemoteTestNG.java:77)
]]>
            </full-stacktrace>
          </exception> <!-- java.lang.AssertionError -->
          <reporter-output>
          </reporter-output>
        </test-method> <!-- JetPrev_Component_BreadcrumPresentation -->
        <test-method status="PASS" signature="afterMethod(java.lang.reflect.Method, org.testng.ITestResult)[pri:0, instance:com.jetPrev.scripts_Components.JetPrev_Smoke_Component_A_Dataprovider@544fa968]" name="afterMethod" is-config="true" duration-ms="552" started-at="2018-09-03T11:25:44Z" finished-at="2018-09-03T11:25:44Z">
          <params>
            <param index="0">
              <value>
                <![CDATA[public void com.jetPrev.scripts_Components.JetPrev_Smoke_Component_A_Dataprovider.JetPrev_Component_BreadcrumPresentation(int,int) throws java.lang.Throwable]]>
              </value>
            </param>
            <param index="1">
              <value>
                <![CDATA[[TestResult name=JetPrev_Component_BreadcrumPresentation status=FAILURE method=JetPrev_Smoke_Component_A_Dataprovider.JetPrev_Component_BreadcrumPresentation(int, int)[pri:0, instance:com.jetPrev.scripts_Components.JetPrev_Smoke_Component_A_Dataprovider@544fa968] output={null}]]]>
              </value>
            </param>
          </params>
          <reporter-output>
          </reporter-output>
        </test-method> <!-- afterMethod -->
        <test-method status="PASS" signature="afterTest()[pri:0, instance:com.jetPrev.scripts_Components.JetPrev_Smoke_Component_A_Dataprovider@544fa968]" name="afterTest" is-config="true" duration-ms="983" started-at="2018-09-03T11:25:44Z" finished-at="2018-09-03T11:25:45Z">
          <reporter-output>
          </reporter-output>
        </test-method> <!-- afterTest -->
        <test-method status="PASS" signature="afterSuite()[pri:0, instance:com.jetPrev.scripts_Components.JetPrev_Smoke_Component_A_Dataprovider@544fa968]" name="afterSuite" is-config="true" duration-ms="57" started-at="2018-09-03T11:25:45Z" finished-at="2018-09-03T11:25:45Z">
          <reporter-output>
          </reporter-output>
        </test-method> <!-- afterSuite -->
      </class> <!-- com.jetPrev.scripts_Components.JetPrev_Smoke_Component_A_Dataprovider -->
    </test> <!-- Default test3 -->
  </suite> <!-- Default suite -->
</testng-results>
